<?xml version="1.0" encoding="UTF-8"?>
<testng-results skipped="0" failed="0" total="1" passed="1">
  <reporter-output>
  </reporter-output>
  <suite name="Gigatron - Sorting" duration-ms="12663" started-at="2021-12-04T09:29:07Z" finished-at="2021-12-04T09:29:20Z">
    <groups>
      <group name="cucumber">
        <method signature="AbstractTestNGCucumberTests.runScenario(io.cucumber.testng.PickleWrapper, io.cucumber.testng.FeatureWrapper)[pri:0, instance:runners.GeneralRunner@59f99ea]" name="runScenario" class="io.cucumber.testng.AbstractTestNGCucumberTests"/>
      </group> <!-- cucumber -->
    </groups>
    <test name="Sort by price app" duration-ms="12663" started-at="2021-12-04T09:29:07Z" finished-at="2021-12-04T09:29:20Z">
      <class name="runners.GeneralRunner">
        <test-method status="PASS" signature="setUpClass()[pri:0, instance:runners.GeneralRunner@59f99ea]" name="setUpClass" is-config="true" duration-ms="580" started-at="2021-12-04T10:29:07Z" finished-at="2021-12-04T10:29:08Z">
          <reporter-output>
          </reporter-output>
        </test-method> <!-- setUpClass -->
        <test-method status="PASS" signature="runScenario(io.cucumber.testng.PickleWrapper, io.cucumber.testng.FeatureWrapper)[pri:0, instance:runners.GeneralRunner@59f99ea]" name="runScenario" duration-ms="12053" started-at="2021-12-04T10:29:08Z" description="Runs Cucumber Scenarios" data-provider="scenarios" finished-at="2021-12-04T10:29:20Z">
          <params>
            <param index="0">
              <value>
                <![CDATA["Sort by "rastuci""]]>
              </value>
            </param>
            <param index="1">
              <value>
                <![CDATA["Optional[Sorting]"]]>
              </value>
            </param>
          </params>
          <reporter-output>
          </reporter-output>
        </test-method> <!-- runScenario -->
        <test-method status="PASS" signature="tearDownClass()[pri:0, instance:runners.GeneralRunner@59f99ea]" name="tearDownClass" is-config="true" duration-ms="16" started-at="2021-12-04T10:29:20Z" finished-at="2021-12-04T10:29:20Z">
          <reporter-output>
          </reporter-output>
        </test-method> <!-- tearDownClass -->
      </class> <!-- runners.GeneralRunner -->
    </test> <!-- Sort by price app -->
  </suite> <!-- Gigatron - Sorting -->
</testng-results>
